{"/Users/roibendavid/Dev/private/landOfTheSki/dotEnvInit.js": {"path":"/Users/roibendavid/Dev/private/landOfTheSki/dotEnvInit.js","statementMap":{"0":{"start":{"line":1,"column":14},"end":{"line":1,"column":22}},"1":{"start":{"line":7,"column":0},"end":{"line":9,"column":2}},"2":{"start":{"line":8,"column":4},"end":{"line":8,"column":77}},"3":{"start":{"line":14,"column":0},"end":{"line":14,"column":30}},"4":{"start":{"line":16,"column":0},"end":{"line":16,"column":38}}},"fnMap":{"0":{"name":"(anonymous_0)","decl":{"start":{"line":7,"column":21},"end":{"line":7,"column":22}},"loc":{"start":{"line":7,"column":37},"end":{"line":9,"column":1}},"line":7}},"branchMap":{"0":{"loc":{"start":{"line":8,"column":4},"end":{"line":8,"column":77}},"type":"cond-expr","locations":[{"start":{"line":8,"column":22},"end":{"line":8,"column":69}},{"start":{"line":8,"column":73},"end":{"line":8,"column":77}}],"line":8}},"s":{"0":1,"1":1,"2":5,"3":1,"4":1},"f":{"0":5},"b":{"0":[0,5]},"_coverageSchema":"1a1c01bbd47fc00a2c39e90264f33305004495a9","hash":"aca7140250e8b040987b2ebf32095f25b07a767a"}
,"/Users/roibendavid/Dev/private/landOfTheSki/index.js": {"path":"/Users/roibendavid/Dev/private/landOfTheSki/index.js","statementMap":{"0":{"start":{"line":12,"column":12},"end":{"line":12,"column":21}},"1":{"start":{"line":16,"column":13},"end":{"line":16,"column":29}},"2":{"start":{"line":18,"column":0},"end":{"line":18,"column":49}},"3":{"start":{"line":19,"column":0},"end":{"line":19,"column":26}},"4":{"start":{"line":20,"column":0},"end":{"line":20,"column":24}},"5":{"start":{"line":21,"column":0},"end":{"line":21,"column":15}},"6":{"start":{"line":23,"column":0},"end":{"line":23,"column":10}},"7":{"start":{"line":27,"column":0},"end":{"line":31,"column":2}},"8":{"start":{"line":28,"column":34},"end":{"line":28,"column":37}},"9":{"start":{"line":29,"column":4},"end":{"line":29,"column":49}},"10":{"start":{"line":30,"column":4},"end":{"line":30,"column":10}},"11":{"start":{"line":32,"column":0},"end":{"line":32,"column":26}},"12":{"start":{"line":34,"column":0},"end":{"line":34,"column":27}},"13":{"start":{"line":35,"column":0},"end":{"line":35,"column":23}},"14":{"start":{"line":37,"column":0},"end":{"line":39,"column":2}},"15":{"start":{"line":38,"column":4},"end":{"line":38,"column":75}}},"fnMap":{"0":{"name":"(anonymous_0)","decl":{"start":{"line":27,"column":13},"end":{"line":27,"column":14}},"loc":{"start":{"line":27,"column":33},"end":{"line":31,"column":1}},"line":27},"1":{"name":"(anonymous_1)","decl":{"start":{"line":37,"column":17},"end":{"line":37,"column":18}},"loc":{"start":{"line":37,"column":23},"end":{"line":39,"column":1}},"line":37}},"branchMap":{},"s":{"0":1,"1":1,"2":1,"3":1,"4":1,"5":1,"6":1,"7":1,"8":1,"9":1,"10":1,"11":1,"12":1,"13":1,"14":1,"15":1},"f":{"0":1,"1":1},"b":{},"_coverageSchema":"1a1c01bbd47fc00a2c39e90264f33305004495a9","hash":"dd2a6fd7b6ffaed46c51b90631753ff0e36349f8"}
,"/Users/roibendavid/Dev/private/landOfTheSki/common/__test__/testUtils.js": {"path":"/Users/roibendavid/Dev/private/landOfTheSki/common/__test__/testUtils.js","statementMap":{"0":{"start":{"line":4,"column":23},"end":{"line":4,"column":43}},"1":{"start":{"line":5,"column":20},"end":{"line":5,"column":29}},"2":{"start":{"line":7,"column":18},"end":{"line":23,"column":1}},"3":{"start":{"line":8,"column":20},"end":{"line":12,"column":5}},"4":{"start":{"line":13,"column":4},"end":{"line":13,"column":50}},"5":{"start":{"line":14,"column":16},"end":{"line":14,"column":82}},"6":{"start":{"line":15,"column":4},"end":{"line":17,"column":5}},"7":{"start":{"line":16,"column":8},"end":{"line":16,"column":22}},"8":{"start":{"line":18,"column":4},"end":{"line":20,"column":5}},"9":{"start":{"line":19,"column":8},"end":{"line":19,"column":26}},"10":{"start":{"line":22,"column":4},"end":{"line":22,"column":36}},"11":{"start":{"line":25,"column":23},"end":{"line":25,"column":45}},"12":{"start":{"line":25,"column":32},"end":{"line":25,"column":45}},"13":{"start":{"line":27,"column":19},"end":{"line":27,"column":87}},"14":{"start":{"line":27,"column":44},"end":{"line":27,"column":87}},"15":{"start":{"line":28,"column":20},"end":{"line":28,"column":95}},"16":{"start":{"line":28,"column":51},"end":{"line":28,"column":95}},"17":{"start":{"line":29,"column":19},"end":{"line":29,"column":93}},"18":{"start":{"line":29,"column":50},"end":{"line":29,"column":93}},"19":{"start":{"line":30,"column":19},"end":{"line":30,"column":93}},"20":{"start":{"line":30,"column":50},"end":{"line":30,"column":93}},"21":{"start":{"line":32,"column":29},"end":{"line":34,"column":1}},"22":{"start":{"line":33,"column":4},"end":{"line":33,"column":37}},"23":{"start":{"line":36,"column":25},"end":{"line":38,"column":1}},"24":{"start":{"line":37,"column":4},"end":{"line":37,"column":25}},"25":{"start":{"line":40,"column":23},"end":{"line":42,"column":1}},"26":{"start":{"line":41,"column":4},"end":{"line":41,"column":25}},"27":{"start":{"line":44,"column":27},"end":{"line":53,"column":1}},"28":{"start":{"line":47,"column":8},"end":{"line":47,"column":17}},"29":{"start":{"line":49,"column":4},"end":{"line":49,"column":40}},"30":{"start":{"line":50,"column":4},"end":{"line":52,"column":5}},"31":{"start":{"line":51,"column":8},"end":{"line":51,"column":48}}},"fnMap":{"0":{"name":"(anonymous_0)","decl":{"start":{"line":7,"column":18},"end":{"line":7,"column":19}},"loc":{"start":{"line":7,"column":68},"end":{"line":23,"column":1}},"line":7},"1":{"name":"(anonymous_1)","decl":{"start":{"line":25,"column":23},"end":{"line":25,"column":24}},"loc":{"start":{"line":25,"column":32},"end":{"line":25,"column":45}},"line":25},"2":{"name":"(anonymous_2)","decl":{"start":{"line":27,"column":19},"end":{"line":27,"column":20}},"loc":{"start":{"line":27,"column":44},"end":{"line":27,"column":87}},"line":27},"3":{"name":"(anonymous_3)","decl":{"start":{"line":28,"column":20},"end":{"line":28,"column":21}},"loc":{"start":{"line":28,"column":51},"end":{"line":28,"column":95}},"line":28},"4":{"name":"(anonymous_4)","decl":{"start":{"line":29,"column":19},"end":{"line":29,"column":20}},"loc":{"start":{"line":29,"column":50},"end":{"line":29,"column":93}},"line":29},"5":{"name":"(anonymous_5)","decl":{"start":{"line":30,"column":19},"end":{"line":30,"column":20}},"loc":{"start":{"line":30,"column":50},"end":{"line":30,"column":93}},"line":30},"6":{"name":"(anonymous_6)","decl":{"start":{"line":32,"column":29},"end":{"line":32,"column":30}},"loc":{"start":{"line":32,"column":41},"end":{"line":34,"column":1}},"line":32},"7":{"name":"(anonymous_7)","decl":{"start":{"line":36,"column":25},"end":{"line":36,"column":26}},"loc":{"start":{"line":36,"column":37},"end":{"line":38,"column":1}},"line":36},"8":{"name":"(anonymous_8)","decl":{"start":{"line":40,"column":23},"end":{"line":40,"column":24}},"loc":{"start":{"line":40,"column":35},"end":{"line":42,"column":1}},"line":40},"9":{"name":"(anonymous_9)","decl":{"start":{"line":44,"column":27},"end":{"line":44,"column":28}},"loc":{"start":{"line":44,"column":74},"end":{"line":53,"column":1}},"line":44}},"branchMap":{"0":{"loc":{"start":{"line":7,"column":53},"end":{"line":7,"column":63}},"type":"default-arg","locations":[{"start":{"line":7,"column":61},"end":{"line":7,"column":63}}],"line":7},"1":{"loc":{"start":{"line":15,"column":4},"end":{"line":17,"column":5}},"type":"if","locations":[{"start":{"line":15,"column":4},"end":{"line":17,"column":5}},{"start":{},"end":{}}],"line":15},"2":{"loc":{"start":{"line":18,"column":4},"end":{"line":20,"column":5}},"type":"if","locations":[{"start":{"line":18,"column":4},"end":{"line":20,"column":5}},{"start":{},"end":{}}],"line":18},"3":{"loc":{"start":{"line":50,"column":4},"end":{"line":52,"column":5}},"type":"if","locations":[{"start":{"line":50,"column":4},"end":{"line":52,"column":5}},{"start":{},"end":{}}],"line":50}},"s":{"0":1,"1":1,"2":1,"3":1,"4":1,"5":1,"6":1,"7":0,"8":1,"9":1,"10":1,"11":1,"12":1,"13":1,"14":1,"15":1,"16":0,"17":1,"18":0,"19":1,"20":0,"21":1,"22":0,"23":1,"24":0,"25":1,"26":0,"27":1,"28":0,"29":0,"30":0,"31":0},"f":{"0":1,"1":1,"2":1,"3":0,"4":0,"5":0,"6":0,"7":0,"8":0,"9":0},"b":{"0":[0],"1":[0,1],"2":[1,0],"3":[0,0]},"_coverageSchema":"1a1c01bbd47fc00a2c39e90264f33305004495a9","hash":"9b89d3828e48304967d6fa40304a15ec5fe00907"}
,"/Users/roibendavid/Dev/private/landOfTheSki/common/constants/airports.js": {"path":"/Users/roibendavid/Dev/private/landOfTheSki/common/constants/airports.js","statementMap":{"0":{"start":{"line":1,"column":23},"end":{"line":1,"column":28}},"1":{"start":{"line":3,"column":33},"end":{"line":3,"column":42}}},"fnMap":{},"branchMap":{},"s":{"0":1,"1":1},"f":{},"b":{},"_coverageSchema":"1a1c01bbd47fc00a2c39e90264f33305004495a9","hash":"a740c16c3cb59570a67af9175cda326396c2be04"}
,"/Users/roibendavid/Dev/private/landOfTheSki/common/constants/currencies.js": {"path":"/Users/roibendavid/Dev/private/landOfTheSki/common/constants/currencies.js","statementMap":{"0":{"start":{"line":1,"column":19},"end":{"line":1,"column":24}},"1":{"start":{"line":2,"column":19},"end":{"line":2,"column":24}},"2":{"start":{"line":4,"column":36},"end":{"line":4,"column":46}}},"fnMap":{},"branchMap":{},"s":{"0":1,"1":1,"2":1},"f":{},"b":{},"_coverageSchema":"1a1c01bbd47fc00a2c39e90264f33305004495a9","hash":"78dd184ab8bb1bf249f2088d1ae1c6b68dda928f"}
,"/Users/roibendavid/Dev/private/landOfTheSki/common/constants/sites.js": {"path":"/Users/roibendavid/Dev/private/landOfTheSki/common/constants/sites.js","statementMap":{"0":{"start":{"line":1,"column":23},"end":{"line":1,"column":32}},"1":{"start":{"line":3,"column":25},"end":{"line":3,"column":34}}},"fnMap":{},"branchMap":{},"s":{"0":1,"1":1},"f":{},"b":{},"_coverageSchema":"1a1c01bbd47fc00a2c39e90264f33305004495a9","hash":"a9a62e7ab7231eabda9ef9f5bbec464b874e2d2f"}
,"/Users/roibendavid/Dev/private/landOfTheSki/common/helpers/expressMiddlewares.js": {"path":"/Users/roibendavid/Dev/private/landOfTheSki/common/helpers/expressMiddlewares.js","statementMap":{"0":{"start":{"line":3,"column":31},"end":{"line":18,"column":1}},"1":{"start":{"line":4,"column":4},"end":{"line":15,"column":5}},"2":{"start":{"line":5,"column":8},"end":{"line":14,"column":9}},"3":{"start":{"line":6,"column":29},"end":{"line":6,"column":43}},"4":{"start":{"line":7,"column":12},"end":{"line":9,"column":13}},"5":{"start":{"line":8,"column":16},"end":{"line":8,"column":61}},"6":{"start":{"line":10,"column":12},"end":{"line":10,"column":42}},"7":{"start":{"line":12,"column":12},"end":{"line":12,"column":53}},"8":{"start":{"line":13,"column":12},"end":{"line":13,"column":28}},"9":{"start":{"line":16,"column":4},"end":{"line":16,"column":19}},"10":{"start":{"line":17,"column":4},"end":{"line":17,"column":10}},"11":{"start":{"line":20,"column":30},"end":{"line":23,"column":1}},"12":{"start":{"line":21,"column":19},"end":{"line":21,"column":38}},"13":{"start":{"line":22,"column":4},"end":{"line":22,"column":51}},"14":{"start":{"line":25,"column":34},"end":{"line":27,"column":1}},"15":{"start":{"line":26,"column":4},"end":{"line":26,"column":49}},"16":{"start":{"line":29,"column":29},"end":{"line":38,"column":1}},"17":{"start":{"line":30,"column":4},"end":{"line":32,"column":5}},"18":{"start":{"line":31,"column":8},"end":{"line":31,"column":55}},"19":{"start":{"line":33,"column":4},"end":{"line":36,"column":5}},"20":{"start":{"line":34,"column":8},"end":{"line":34,"column":59}},"21":{"start":{"line":35,"column":8},"end":{"line":35,"column":59}},"22":{"start":{"line":37,"column":4},"end":{"line":37,"column":10}}},"fnMap":{"0":{"name":"(anonymous_0)","decl":{"start":{"line":3,"column":31},"end":{"line":3,"column":32}},"loc":{"start":{"line":3,"column":51},"end":{"line":18,"column":1}},"line":3},"1":{"name":"(anonymous_1)","decl":{"start":{"line":4,"column":17},"end":{"line":4,"column":18}},"loc":{"start":{"line":4,"column":55},"end":{"line":15,"column":5}},"line":4},"2":{"name":"(anonymous_2)","decl":{"start":{"line":20,"column":30},"end":{"line":20,"column":31}},"loc":{"start":{"line":20,"column":51},"end":{"line":23,"column":1}},"line":20},"3":{"name":"(anonymous_3)","decl":{"start":{"line":25,"column":34},"end":{"line":25,"column":35}},"loc":{"start":{"line":25,"column":48},"end":{"line":27,"column":1}},"line":25},"4":{"name":"(anonymous_4)","decl":{"start":{"line":29,"column":29},"end":{"line":29,"column":30}},"loc":{"start":{"line":29,"column":49},"end":{"line":38,"column":1}},"line":29}},"branchMap":{"0":{"loc":{"start":{"line":7,"column":12},"end":{"line":9,"column":13}},"type":"if","locations":[{"start":{"line":7,"column":12},"end":{"line":9,"column":13}},{"start":{},"end":{}}],"line":7},"1":{"loc":{"start":{"line":21,"column":19},"end":{"line":21,"column":38}},"type":"binary-expr","locations":[{"start":{"line":21,"column":19},"end":{"line":21,"column":31}},{"start":{"line":21,"column":35},"end":{"line":21,"column":38}}],"line":21},"2":{"loc":{"start":{"line":30,"column":4},"end":{"line":32,"column":5}},"type":"if","locations":[{"start":{"line":30,"column":4},"end":{"line":32,"column":5}},{"start":{},"end":{}}],"line":30},"3":{"loc":{"start":{"line":33,"column":4},"end":{"line":36,"column":5}},"type":"if","locations":[{"start":{"line":33,"column":4},"end":{"line":36,"column":5}},{"start":{},"end":{}}],"line":33}},"s":{"0":1,"1":1,"2":1,"3":1,"4":1,"5":1,"6":0,"7":0,"8":0,"9":1,"10":1,"11":1,"12":0,"13":0,"14":1,"15":0,"16":1,"17":1,"18":1,"19":1,"20":1,"21":1,"22":1},"f":{"0":1,"1":1,"2":0,"3":0,"4":1},"b":{"0":[1,0],"1":[0,0],"2":[1,0],"3":[1,0]},"_coverageSchema":"1a1c01bbd47fc00a2c39e90264f33305004495a9","hash":"9ded556f899f830dbcaa0379949849563eb7b38b"}
,"/Users/roibendavid/Dev/private/landOfTheSki/common/helpers/init.js": {"path":"/Users/roibendavid/Dev/private/landOfTheSki/common/helpers/init.js","statementMap":{"0":{"start":{"line":8,"column":12},"end":{"line":15,"column":1}},"1":{"start":{"line":9,"column":4},"end":{"line":14,"column":5}},"2":{"start":{"line":10,"column":8},"end":{"line":10,"column":23}},"3":{"start":{"line":11,"column":8},"end":{"line":11,"column":32}},"4":{"start":{"line":13,"column":8},"end":{"line":13,"column":53}},"5":{"start":{"line":17,"column":25},"end":{"line":22,"column":1}},"6":{"start":{"line":18,"column":4},"end":{"line":18,"column":33}},"7":{"start":{"line":19,"column":4},"end":{"line":19,"column":37}},"8":{"start":{"line":20,"column":4},"end":{"line":20,"column":33}},"9":{"start":{"line":21,"column":4},"end":{"line":21,"column":31}}},"fnMap":{"0":{"name":"(anonymous_0)","decl":{"start":{"line":8,"column":12},"end":{"line":8,"column":13}},"loc":{"start":{"line":8,"column":24},"end":{"line":15,"column":1}},"line":8},"1":{"name":"(anonymous_1)","decl":{"start":{"line":17,"column":25},"end":{"line":17,"column":26}},"loc":{"start":{"line":17,"column":37},"end":{"line":22,"column":1}},"line":17}},"branchMap":{},"s":{"0":1,"1":1,"2":1,"3":1,"4":0,"5":1,"6":1,"7":0,"8":0,"9":0},"f":{"0":1,"1":1},"b":{},"_coverageSchema":"1a1c01bbd47fc00a2c39e90264f33305004495a9","hash":"4c7218bd3ab8c0bb4ab5850f3bbeeb1ec6ffd334"}
,"/Users/roibendavid/Dev/private/landOfTheSki/common/helpers/libraries.js": {"path":"/Users/roibendavid/Dev/private/landOfTheSki/common/helpers/libraries.js","statementMap":{"0":{"start":{"line":3,"column":23},"end":{"line":3,"column":29}}},"fnMap":{},"branchMap":{},"s":{"0":1},"f":{},"b":{},"_coverageSchema":"1a1c01bbd47fc00a2c39e90264f33305004495a9","hash":"475736ab4fca84e1ca2287806cf082fb2bbc49e1"}
,"/Users/roibendavid/Dev/private/landOfTheSki/common/helpers/logger.js": {"path":"/Users/roibendavid/Dev/private/landOfTheSki/common/helpers/logger.js","statementMap":{"0":{"start":{"line":3,"column":18},"end":{"line":3,"column":60}},"1":{"start":{"line":6,"column":16},"end":{"line":12,"column":1}},"2":{"start":{"line":14,"column":0},"end":{"line":19,"column":1}},"3":{"start":{"line":15,"column":4},"end":{"line":18,"column":6}},"4":{"start":{"line":21,"column":12},"end":{"line":25,"column":2}},"5":{"start":{"line":27,"column":14},"end":{"line":29,"column":1}},"6":{"start":{"line":28,"column":4},"end":{"line":28,"column":42}},"7":{"start":{"line":31,"column":13},"end":{"line":33,"column":1}},"8":{"start":{"line":32,"column":4},"end":{"line":32,"column":42}},"9":{"start":{"line":35,"column":13},"end":{"line":37,"column":1}},"10":{"start":{"line":36,"column":4},"end":{"line":36,"column":43}},"11":{"start":{"line":39,"column":14},"end":{"line":41,"column":1}},"12":{"start":{"line":40,"column":4},"end":{"line":40,"column":41}}},"fnMap":{"0":{"name":"(anonymous_0)","decl":{"start":{"line":27,"column":14},"end":{"line":27,"column":15}},"loc":{"start":{"line":27,"column":28},"end":{"line":29,"column":1}},"line":27},"1":{"name":"(anonymous_1)","decl":{"start":{"line":31,"column":13},"end":{"line":31,"column":14}},"loc":{"start":{"line":31,"column":27},"end":{"line":33,"column":1}},"line":31},"2":{"name":"(anonymous_2)","decl":{"start":{"line":35,"column":13},"end":{"line":35,"column":14}},"loc":{"start":{"line":35,"column":27},"end":{"line":37,"column":1}},"line":35},"3":{"name":"(anonymous_3)","decl":{"start":{"line":39,"column":14},"end":{"line":39,"column":15}},"loc":{"start":{"line":39,"column":28},"end":{"line":41,"column":1}},"line":39}},"branchMap":{"0":{"loc":{"start":{"line":9,"column":15},"end":{"line":9,"column":48}},"type":"binary-expr","locations":[{"start":{"line":9,"column":15},"end":{"line":9,"column":38}},{"start":{"line":9,"column":42},"end":{"line":9,"column":48}}],"line":9},"1":{"loc":{"start":{"line":14,"column":0},"end":{"line":19,"column":1}},"type":"if","locations":[{"start":{"line":14,"column":0},"end":{"line":19,"column":1}},{"start":{},"end":{}}],"line":14},"2":{"loc":{"start":{"line":28,"column":32},"end":{"line":28,"column":41}},"type":"binary-expr","locations":[{"start":{"line":28,"column":32},"end":{"line":28,"column":35}},{"start":{"line":28,"column":39},"end":{"line":28,"column":41}}],"line":28},"3":{"loc":{"start":{"line":32,"column":32},"end":{"line":32,"column":41}},"type":"binary-expr","locations":[{"start":{"line":32,"column":32},"end":{"line":32,"column":35}},{"start":{"line":32,"column":39},"end":{"line":32,"column":41}}],"line":32},"4":{"loc":{"start":{"line":36,"column":33},"end":{"line":36,"column":42}},"type":"binary-expr","locations":[{"start":{"line":36,"column":33},"end":{"line":36,"column":36}},{"start":{"line":36,"column":40},"end":{"line":36,"column":42}}],"line":36},"5":{"loc":{"start":{"line":40,"column":31},"end":{"line":40,"column":40}},"type":"binary-expr","locations":[{"start":{"line":40,"column":31},"end":{"line":40,"column":34}},{"start":{"line":40,"column":38},"end":{"line":40,"column":40}}],"line":40}},"s":{"0":1,"1":1,"2":1,"3":0,"4":1,"5":1,"6":0,"7":1,"8":3,"9":1,"10":0,"11":1,"12":0},"f":{"0":0,"1":3,"2":0,"3":0},"b":{"0":[1,1],"1":[0,1],"2":[0,0],"3":[3,2],"4":[0,0],"5":[0,0]},"_coverageSchema":"1a1c01bbd47fc00a2c39e90264f33305004495a9","hash":"55bf5cce98082beecf5f3b71b29c03ccba05bffb"}
,"/Users/roibendavid/Dev/private/landOfTheSki/common/helpers/utils.js": {"path":"/Users/roibendavid/Dev/private/landOfTheSki/common/helpers/utils.js","statementMap":{"0":{"start":{"line":1,"column":35},"end":{"line":11,"column":5}},"1":{"start":{"line":2,"column":4},"end":{"line":11,"column":5}},"2":{"start":{"line":4,"column":12},"end":{"line":7,"column":13}},"3":{"start":{"line":5,"column":16},"end":{"line":5,"column":67}},"4":{"start":{"line":6,"column":16},"end":{"line":6,"column":55}},"5":{"start":{"line":8,"column":12},"end":{"line":8,"column":22}}},"fnMap":{"0":{"name":"(anonymous_0)","decl":{"start":{"line":1,"column":35},"end":{"line":1,"column":36}},"loc":{"start":{"line":2,"column":4},"end":{"line":11,"column":5}},"line":2},"1":{"name":"(anonymous_1)","decl":{"start":{"line":3,"column":8},"end":{"line":3,"column":9}},"loc":{"start":{"line":3,"column":26},"end":{"line":9,"column":9}},"line":3}},"branchMap":{"0":{"loc":{"start":{"line":4,"column":12},"end":{"line":7,"column":13}},"type":"if","locations":[{"start":{"line":4,"column":12},"end":{"line":7,"column":13}},{"start":{},"end":{}}],"line":4}},"s":{"0":1,"1":0,"2":0,"3":0,"4":0,"5":0},"f":{"0":0,"1":0},"b":{"0":[0,0]},"_coverageSchema":"1a1c01bbd47fc00a2c39e90264f33305004495a9","hash":"966568a2339a7cfe8cff163d8ea1d89dbc28cf68"}
,"/Users/roibendavid/Dev/private/landOfTheSki/common/models/db.js": {"path":"/Users/roibendavid/Dev/private/landOfTheSki/common/models/db.js","statementMap":{"0":{"start":{"line":6,"column":21},"end":{"line":23,"column":1}},"1":{"start":{"line":7,"column":19},"end":{"line":15,"column":5}},"2":{"start":{"line":17,"column":4},"end":{"line":17,"column":32}},"3":{"start":{"line":18,"column":4},"end":{"line":18,"column":34}},"4":{"start":{"line":19,"column":4},"end":{"line":19,"column":32}},"5":{"start":{"line":20,"column":4},"end":{"line":20,"column":28}},"6":{"start":{"line":22,"column":4},"end":{"line":22,"column":17}},"7":{"start":{"line":25,"column":13},"end":{"line":27,"column":1}},"8":{"start":{"line":26,"column":4},"end":{"line":26,"column":25}},"9":{"start":{"line":29,"column":27},"end":{"line":37,"column":1}},"10":{"start":{"line":29,"column":42},"end":{"line":37,"column":1}},"11":{"start":{"line":30,"column":4},"end":{"line":30,"column":66}},"12":{"start":{"line":31,"column":4},"end":{"line":36,"column":5}},"13":{"start":{"line":32,"column":8},"end":{"line":32,"column":61}},"14":{"start":{"line":33,"column":8},"end":{"line":33,"column":21}},"15":{"start":{"line":35,"column":8},"end":{"line":35,"column":17}},"16":{"start":{"line":39,"column":16},"end":{"line":53,"column":1}},"17":{"start":{"line":40,"column":31},"end":{"line":40,"column":97}},"18":{"start":{"line":41,"column":4},"end":{"line":41,"column":49}},"19":{"start":{"line":42,"column":4},"end":{"line":52,"column":6}},"20":{"start":{"line":43,"column":8},"end":{"line":43,"column":42}},"21":{"start":{"line":44,"column":8},"end":{"line":51,"column":9}},"22":{"start":{"line":50,"column":27},"end":{"line":50,"column":73}},"23":{"start":{"line":55,"column":16},"end":{"line":57,"column":1}},"24":{"start":{"line":56,"column":4},"end":{"line":56,"column":37}},"25":{"start":{"line":59,"column":30},"end":{"line":85,"column":1}},"26":{"start":{"line":60,"column":4},"end":{"line":62,"column":5}},"27":{"start":{"line":61,"column":8},"end":{"line":61,"column":62}},"28":{"start":{"line":64,"column":4},"end":{"line":84,"column":5}},"29":{"start":{"line":70,"column":8},"end":{"line":83,"column":9}},"30":{"start":{"line":71,"column":30},"end":{"line":71,"column":56}},"31":{"start":{"line":73,"column":28},"end":{"line":73,"column":34}},"32":{"start":{"line":74,"column":12},"end":{"line":78,"column":13}},"33":{"start":{"line":75,"column":41},"end":{"line":75,"column":51}},"34":{"start":{"line":76,"column":16},"end":{"line":76,"column":56}},"35":{"start":{"line":77,"column":16},"end":{"line":77,"column":50}},"36":{"start":{"line":79,"column":12},"end":{"line":79,"column":66}},"37":{"start":{"line":81,"column":12},"end":{"line":81,"column":60}},"38":{"start":{"line":82,"column":12},"end":{"line":82,"column":43}},"39":{"start":{"line":87,"column":31},"end":{"line":108,"column":1}},"40":{"start":{"line":88,"column":4},"end":{"line":95,"column":5}},"41":{"start":{"line":89,"column":8},"end":{"line":94,"column":9}},"42":{"start":{"line":90,"column":12},"end":{"line":90,"column":59}},"43":{"start":{"line":92,"column":12},"end":{"line":92,"column":64}},"44":{"start":{"line":93,"column":12},"end":{"line":93,"column":47}},"45":{"start":{"line":97,"column":4},"end":{"line":99,"column":5}},"46":{"start":{"line":98,"column":8},"end":{"line":98,"column":67}},"47":{"start":{"line":101,"column":4},"end":{"line":103,"column":5}},"48":{"start":{"line":102,"column":8},"end":{"line":102,"column":52}},"49":{"start":{"line":105,"column":4},"end":{"line":107,"column":5}},"50":{"start":{"line":106,"column":8},"end":{"line":106,"column":36}},"51":{"start":{"line":110,"column":25},"end":{"line":125,"column":1}},"52":{"start":{"line":111,"column":4},"end":{"line":124,"column":5}},"53":{"start":{"line":115,"column":26},"end":{"line":115,"column":47}},"54":{"start":{"line":116,"column":8},"end":{"line":123,"column":9}},"55":{"start":{"line":118,"column":16},"end":{"line":122,"column":17}},"56":{"start":{"line":119,"column":20},"end":{"line":121,"column":21}},"57":{"start":{"line":120,"column":42},"end":{"line":120,"column":85}},"58":{"start":{"line":127,"column":29},"end":{"line":131,"column":1}},"59":{"start":{"line":128,"column":4},"end":{"line":128,"column":33}},"60":{"start":{"line":129,"column":4},"end":{"line":129,"column":34}},"61":{"start":{"line":130,"column":4},"end":{"line":130,"column":28}},"62":{"start":{"line":133,"column":31},"end":{"line":153,"column":1}},"63":{"start":{"line":134,"column":4},"end":{"line":144,"column":5}},"64":{"start":{"line":135,"column":20},"end":{"line":135,"column":44}},"65":{"start":{"line":136,"column":8},"end":{"line":138,"column":9}},"66":{"start":{"line":137,"column":12},"end":{"line":137,"column":23}},"67":{"start":{"line":139,"column":8},"end":{"line":139,"column":26}},"68":{"start":{"line":140,"column":8},"end":{"line":142,"column":9}},"69":{"start":{"line":141,"column":12},"end":{"line":141,"column":66}},"70":{"start":{"line":143,"column":8},"end":{"line":143,"column":31}},"71":{"start":{"line":146,"column":4},"end":{"line":148,"column":5}},"72":{"start":{"line":147,"column":8},"end":{"line":147,"column":64}},"73":{"start":{"line":150,"column":4},"end":{"line":152,"column":5}},"74":{"start":{"line":151,"column":8},"end":{"line":151,"column":77}},"75":{"start":{"line":151,"column":51},"end":{"line":151,"column":75}},"76":{"start":{"line":155,"column":29},"end":{"line":163,"column":1}},"77":{"start":{"line":156,"column":4},"end":{"line":158,"column":5}},"78":{"start":{"line":157,"column":8},"end":{"line":157,"column":40}},"79":{"start":{"line":160,"column":4},"end":{"line":162,"column":5}},"80":{"start":{"line":161,"column":8},"end":{"line":161,"column":46}},"81":{"start":{"line":165,"column":25},"end":{"line":175,"column":1}},"82":{"start":{"line":166,"column":4},"end":{"line":169,"column":5}},"83":{"start":{"line":167,"column":8},"end":{"line":167,"column":68}},"84":{"start":{"line":168,"column":8},"end":{"line":168,"column":32}},"85":{"start":{"line":171,"column":4},"end":{"line":174,"column":5}},"86":{"start":{"line":172,"column":25},"end":{"line":172,"column":39}},"87":{"start":{"line":173,"column":8},"end":{"line":173,"column":23}}},"fnMap":{"0":{"name":"(anonymous_0)","decl":{"start":{"line":6,"column":21},"end":{"line":6,"column":22}},"loc":{"start":{"line":6,"column":38},"end":{"line":23,"column":1}},"line":6},"1":{"name":"(anonymous_1)","decl":{"start":{"line":25,"column":13},"end":{"line":25,"column":14}},"loc":{"start":{"line":25,"column":31},"end":{"line":27,"column":1}},"line":25},"2":{"name":"(anonymous_2)","decl":{"start":{"line":29,"column":27},"end":{"line":29,"column":28}},"loc":{"start":{"line":29,"column":42},"end":{"line":37,"column":1}},"line":29},"3":{"name":"(anonymous_3)","decl":{"start":{"line":29,"column":42},"end":{"line":29,"column":43}},"loc":{"start":{"line":29,"column":63},"end":{"line":37,"column":1}},"line":29},"4":{"name":"(anonymous_4)","decl":{"start":{"line":39,"column":16},"end":{"line":39,"column":17}},"loc":{"start":{"line":39,"column":22},"end":{"line":53,"column":1}},"line":39},"5":{"name":"(anonymous_5)","decl":{"start":{"line":42,"column":23},"end":{"line":42,"column":24}},"loc":{"start":{"line":42,"column":44},"end":{"line":52,"column":5}},"line":42},"6":{"name":"(anonymous_6)","decl":{"start":{"line":50,"column":12},"end":{"line":50,"column":13}},"loc":{"start":{"line":50,"column":27},"end":{"line":50,"column":73}},"line":50},"7":{"name":"(anonymous_7)","decl":{"start":{"line":55,"column":16},"end":{"line":55,"column":17}},"loc":{"start":{"line":55,"column":28},"end":{"line":57,"column":1}},"line":55},"8":{"name":"(anonymous_8)","decl":{"start":{"line":59,"column":30},"end":{"line":59,"column":31}},"loc":{"start":{"line":59,"column":42},"end":{"line":85,"column":1}},"line":59},"9":{"name":"(anonymous_9)","decl":{"start":{"line":60,"column":31},"end":{"line":60,"column":32}},"loc":{"start":{"line":60,"column":53},"end":{"line":62,"column":5}},"line":60},"10":{"name":"(anonymous_10)","decl":{"start":{"line":64,"column":30},"end":{"line":64,"column":31}},"loc":{"start":{"line":69,"column":6},"end":{"line":84,"column":5}},"line":69},"11":{"name":"(anonymous_11)","decl":{"start":{"line":87,"column":31},"end":{"line":87,"column":32}},"loc":{"start":{"line":87,"column":43},"end":{"line":108,"column":1}},"line":87},"12":{"name":"(anonymous_12)","decl":{"start":{"line":88,"column":33},"end":{"line":88,"column":34}},"loc":{"start":{"line":88,"column":50},"end":{"line":95,"column":5}},"line":88},"13":{"name":"(anonymous_13)","decl":{"start":{"line":97,"column":31},"end":{"line":97,"column":32}},"loc":{"start":{"line":97,"column":45},"end":{"line":99,"column":5}},"line":97},"14":{"name":"(anonymous_14)","decl":{"start":{"line":101,"column":32},"end":{"line":101,"column":33}},"loc":{"start":{"line":101,"column":48},"end":{"line":103,"column":5}},"line":101},"15":{"name":"(anonymous_15)","decl":{"start":{"line":105,"column":32},"end":{"line":105,"column":33}},"loc":{"start":{"line":105,"column":48},"end":{"line":107,"column":5}},"line":105},"16":{"name":"(anonymous_16)","decl":{"start":{"line":110,"column":25},"end":{"line":110,"column":26}},"loc":{"start":{"line":110,"column":37},"end":{"line":125,"column":1}},"line":110},"17":{"name":"(anonymous_17)","decl":{"start":{"line":111,"column":42},"end":{"line":111,"column":43}},"loc":{"start":{"line":114,"column":6},"end":{"line":124,"column":5}},"line":114},"18":{"name":"(anonymous_18)","decl":{"start":{"line":117,"column":12},"end":{"line":117,"column":13}},"loc":{"start":{"line":118,"column":16},"end":{"line":122,"column":17}},"line":118},"19":{"name":"(anonymous_19)","decl":{"start":{"line":118,"column":32},"end":{"line":118,"column":33}},"loc":{"start":{"line":119,"column":20},"end":{"line":121,"column":21}},"line":119},"20":{"name":"(anonymous_20)","decl":{"start":{"line":120,"column":24},"end":{"line":120,"column":25}},"loc":{"start":{"line":120,"column":42},"end":{"line":120,"column":85}},"line":120},"21":{"name":"(anonymous_21)","decl":{"start":{"line":127,"column":29},"end":{"line":127,"column":30}},"loc":{"start":{"line":127,"column":41},"end":{"line":131,"column":1}},"line":127},"22":{"name":"(anonymous_22)","decl":{"start":{"line":133,"column":31},"end":{"line":133,"column":32}},"loc":{"start":{"line":133,"column":43},"end":{"line":153,"column":1}},"line":133},"23":{"name":"(anonymous_23)","decl":{"start":{"line":134,"column":32},"end":{"line":134,"column":33}},"loc":{"start":{"line":134,"column":65},"end":{"line":144,"column":5}},"line":134},"24":{"name":"(anonymous_24)","decl":{"start":{"line":146,"column":32},"end":{"line":146,"column":33}},"loc":{"start":{"line":146,"column":52},"end":{"line":148,"column":5}},"line":146},"25":{"name":"(anonymous_25)","decl":{"start":{"line":150,"column":36},"end":{"line":150,"column":37}},"loc":{"start":{"line":150,"column":58},"end":{"line":152,"column":5}},"line":150},"26":{"name":"(anonymous_26)","decl":{"start":{"line":151,"column":42},"end":{"line":151,"column":43}},"loc":{"start":{"line":151,"column":51},"end":{"line":151,"column":75}},"line":151},"27":{"name":"(anonymous_27)","decl":{"start":{"line":155,"column":29},"end":{"line":155,"column":30}},"loc":{"start":{"line":155,"column":41},"end":{"line":163,"column":1}},"line":155},"28":{"name":"(anonymous_28)","decl":{"start":{"line":156,"column":30},"end":{"line":156,"column":31}},"loc":{"start":{"line":156,"column":42},"end":{"line":158,"column":5}},"line":156},"29":{"name":"(anonymous_29)","decl":{"start":{"line":160,"column":31},"end":{"line":160,"column":32}},"loc":{"start":{"line":160,"column":43},"end":{"line":162,"column":5}},"line":160},"30":{"name":"(anonymous_30)","decl":{"start":{"line":165,"column":25},"end":{"line":165,"column":26}},"loc":{"start":{"line":165,"column":37},"end":{"line":175,"column":1}},"line":165},"31":{"name":"(anonymous_31)","decl":{"start":{"line":166,"column":26},"end":{"line":166,"column":27}},"loc":{"start":{"line":166,"column":53},"end":{"line":169,"column":5}},"line":166},"32":{"name":"(anonymous_32)","decl":{"start":{"line":171,"column":37},"end":{"line":171,"column":38}},"loc":{"start":{"line":171,"column":49},"end":{"line":174,"column":5}},"line":171}},"branchMap":{"0":{"loc":{"start":{"line":30,"column":4},"end":{"line":30,"column":66}},"type":"binary-expr","locations":[{"start":{"line":30,"column":4},"end":{"line":30,"column":9}},{"start":{"line":30,"column":13},"end":{"line":30,"column":66}}],"line":30},"1":{"loc":{"start":{"line":31,"column":4},"end":{"line":36,"column":5}},"type":"if","locations":[{"start":{"line":31,"column":4},"end":{"line":36,"column":5}},{"start":{"line":34,"column":11},"end":{"line":36,"column":5}}],"line":31},"2":{"loc":{"start":{"line":60,"column":41},"end":{"line":60,"column":51}},"type":"default-arg","locations":[{"start":{"line":60,"column":49},"end":{"line":60,"column":51}}],"line":60},"3":{"loc":{"start":{"line":65,"column":8},"end":{"line":65,"column":18}},"type":"default-arg","locations":[{"start":{"line":65,"column":16},"end":{"line":65,"column":18}}],"line":65},"4":{"loc":{"start":{"line":66,"column":8},"end":{"line":66,"column":23}},"type":"default-arg","locations":[{"start":{"line":66,"column":21},"end":{"line":66,"column":23}}],"line":66},"5":{"loc":{"start":{"line":67,"column":8},"end":{"line":67,"column":23}},"type":"default-arg","locations":[{"start":{"line":67,"column":21},"end":{"line":67,"column":23}}],"line":67},"6":{"loc":{"start":{"line":68,"column":8},"end":{"line":68,"column":17}},"type":"default-arg","locations":[{"start":{"line":68,"column":15},"end":{"line":68,"column":17}}],"line":68},"7":{"loc":{"start":{"line":74,"column":12},"end":{"line":78,"column":13}},"type":"if","locations":[{"start":{"line":74,"column":12},"end":{"line":78,"column":13}},{"start":{},"end":{}}],"line":74},"8":{"loc":{"start":{"line":112,"column":8},"end":{"line":112,"column":32}},"type":"default-arg","locations":[{"start":{"line":112,"column":30},"end":{"line":112,"column":32}}],"line":112},"9":{"loc":{"start":{"line":113,"column":8},"end":{"line":113,"column":26}},"type":"default-arg","locations":[{"start":{"line":113,"column":24},"end":{"line":113,"column":26}}],"line":113},"10":{"loc":{"start":{"line":136,"column":8},"end":{"line":138,"column":9}},"type":"if","locations":[{"start":{"line":136,"column":8},"end":{"line":138,"column":9}},{"start":{},"end":{}}],"line":136},"11":{"loc":{"start":{"line":140,"column":8},"end":{"line":142,"column":9}},"type":"if","locations":[{"start":{"line":140,"column":8},"end":{"line":142,"column":9}},{"start":{},"end":{}}],"line":140},"12":{"loc":{"start":{"line":166,"column":42},"end":{"line":166,"column":51}},"type":"default-arg","locations":[{"start":{"line":166,"column":49},"end":{"line":166,"column":51}}],"line":166}},"s":{"0":1,"1":5,"2":5,"3":5,"4":5,"5":5,"6":5,"7":1,"8":1,"9":1,"10":1,"11":1,"12":1,"13":0,"14":0,"15":1,"16":1,"17":1,"18":1,"19":1,"20":1,"21":1,"22":1,"23":1,"24":0,"25":1,"26":5,"27":0,"28":5,"29":2,"30":2,"31":2,"32":2,"33":2,"34":2,"35":2,"36":2,"37":0,"38":0,"39":1,"40":5,"41":0,"42":0,"43":0,"44":0,"45":5,"46":0,"47":5,"48":0,"49":5,"50":0,"51":1,"52":5,"53":1,"54":0,"55":0,"56":0,"57":0,"58":1,"59":5,"60":5,"61":5,"62":1,"63":5,"64":0,"65":0,"66":0,"67":0,"68":0,"69":0,"70":0,"71":5,"72":0,"73":5,"74":0,"75":0,"76":1,"77":5,"78":0,"79":5,"80":0,"81":1,"82":5,"83":0,"84":0,"85":5,"86":0,"87":0},"f":{"0":5,"1":1,"2":1,"3":1,"4":1,"5":1,"6":1,"7":0,"8":5,"9":0,"10":2,"11":5,"12":0,"13":0,"14":0,"15":0,"16":5,"17":1,"18":0,"19":0,"20":0,"21":5,"22":5,"23":0,"24":0,"25":0,"26":0,"27":5,"28":0,"29":0,"30":5,"31":0,"32":0},"b":{"0":[1,0],"1":[0,1],"2":[0],"3":[1],"4":[2],"5":[2],"6":[2],"7":[2,0],"8":[0],"9":[0],"10":[0,0],"11":[0,0],"12":[0]},"_coverageSchema":"1a1c01bbd47fc00a2c39e90264f33305004495a9","hash":"14d1eb2e0baa81fd5a668b3f5bb1bc34ceb6ea53"}
,"/Users/roibendavid/Dev/private/landOfTheSki/common/models/price.js": {"path":"/Users/roibendavid/Dev/private/landOfTheSki/common/models/price.js","statementMap":{},"fnMap":{},"branchMap":{},"s":{},"f":{},"b":{},"_coverageSchema":"1a1c01bbd47fc00a2c39e90264f33305004495a9","hash":"42b882b8f5ee617fbaafca6c002bf1c66ddd2a2c"}
,"/Users/roibendavid/Dev/private/landOfTheSki/router/v1/index.js": {"path":"/Users/roibendavid/Dev/private/landOfTheSki/router/v1/index.js","statementMap":{"0":{"start":{"line":2,"column":15},"end":{"line":2,"column":31}},"1":{"start":{"line":10,"column":0},"end":{"line":10,"column":44}},"2":{"start":{"line":11,"column":0},"end":{"line":11,"column":35}},"3":{"start":{"line":12,"column":0},"end":{"line":12,"column":31}},"4":{"start":{"line":13,"column":0},"end":{"line":13,"column":35}},"5":{"start":{"line":14,"column":0},"end":{"line":14,"column":35}}},"fnMap":{},"branchMap":{},"s":{"0":1,"1":1,"2":1,"3":1,"4":1,"5":1},"f":{},"b":{},"_coverageSchema":"1a1c01bbd47fc00a2c39e90264f33305004495a9","hash":"10353dd62346b1ff6b5d8a9c0a2b746faabd3eea"}
,"/Users/roibendavid/Dev/private/landOfTheSki/services/accomodations/accomodations.controller.js": {"path":"/Users/roibendavid/Dev/private/landOfTheSki/services/accomodations/accomodations.controller.js","statementMap":{"0":{"start":{"line":3,"column":27},"end":{"line":11,"column":1}},"1":{"start":{"line":4,"column":19},"end":{"line":4,"column":29}},"2":{"start":{"line":5,"column":25},"end":{"line":5,"column":34}},"3":{"start":{"line":6,"column":4},"end":{"line":6,"column":60}},"4":{"start":{"line":7,"column":4},"end":{"line":10,"column":5}},"5":{"start":{"line":8,"column":14},"end":{"line":8,"column":71}},"6":{"start":{"line":13,"column":23},"end":{"line":17,"column":1}},"7":{"start":{"line":14,"column":4},"end":{"line":14,"column":36}},"8":{"start":{"line":15,"column":19},"end":{"line":15,"column":29}},"9":{"start":{"line":16,"column":4},"end":{"line":16,"column":91}},"10":{"start":{"line":16,"column":28},"end":{"line":16,"column":69}}},"fnMap":{"0":{"name":"(anonymous_0)","decl":{"start":{"line":3,"column":27},"end":{"line":3,"column":28}},"loc":{"start":{"line":3,"column":47},"end":{"line":11,"column":1}},"line":3},"1":{"name":"(anonymous_1)","decl":{"start":{"line":8,"column":8},"end":{"line":8,"column":9}},"loc":{"start":{"line":8,"column":14},"end":{"line":8,"column":71}},"line":8},"2":{"name":"(anonymous_2)","decl":{"start":{"line":13,"column":23},"end":{"line":13,"column":24}},"loc":{"start":{"line":13,"column":43},"end":{"line":17,"column":1}},"line":13},"3":{"name":"(anonymous_3)","decl":{"start":{"line":16,"column":22},"end":{"line":16,"column":23}},"loc":{"start":{"line":16,"column":28},"end":{"line":16,"column":69}},"line":16}},"branchMap":{},"s":{"0":1,"1":1,"2":1,"3":1,"4":1,"5":1,"6":1,"7":0,"8":0,"9":0,"10":0},"f":{"0":1,"1":1,"2":0,"3":0},"b":{},"_coverageSchema":"1a1c01bbd47fc00a2c39e90264f33305004495a9","hash":"beda1c0a00ebcf85c9675a74b7a84a40ecfae9ed"}
,"/Users/roibendavid/Dev/private/landOfTheSki/services/accomodations/accomodations.hotel.model.js": {"path":"/Users/roibendavid/Dev/private/landOfTheSki/services/accomodations/accomodations.hotel.model.js","statementMap":{"0":{"start":{"line":5,"column":19},"end":{"line":5,"column":43}},"1":{"start":{"line":7,"column":20},"end":{"line":22,"column":2}}},"fnMap":{},"branchMap":{},"s":{"0":1,"1":1},"f":{},"b":{},"_coverageSchema":"1a1c01bbd47fc00a2c39e90264f33305004495a9","hash":"8912eccdc60ff73d3c0836919276b030f40d4458"}
,"/Users/roibendavid/Dev/private/landOfTheSki/services/accomodations/accomodations.room.model.js": {"path":"/Users/roibendavid/Dev/private/landOfTheSki/services/accomodations/accomodations.room.model.js","statementMap":{"0":{"start":{"line":5,"column":19},"end":{"line":18,"column":2}},"1":{"start":{"line":20,"column":0},"end":{"line":32,"column":1}},"2":{"start":{"line":21,"column":4},"end":{"line":31,"column":6}}},"fnMap":{"0":{"name":"(anonymous_0)","decl":{"start":{"line":20,"column":44},"end":{"line":20,"column":45}},"loc":{"start":{"line":20,"column":77},"end":{"line":32,"column":1}},"line":20}},"branchMap":{},"s":{"0":1,"1":1,"2":1},"f":{"0":1},"b":{},"_coverageSchema":"1a1c01bbd47fc00a2c39e90264f33305004495a9","hash":"2d44c17975b40fb46e0f3684f327b4333de62d17"}
,"/Users/roibendavid/Dev/private/landOfTheSki/services/accomodations/accomodations.router.js": {"path":"/Users/roibendavid/Dev/private/landOfTheSki/services/accomodations/accomodations.router.js","statementMap":{"0":{"start":{"line":4,"column":15},"end":{"line":4,"column":31}},"1":{"start":{"line":8,"column":0},"end":{"line":8,"column":84}},"2":{"start":{"line":9,"column":0},"end":{"line":9,"column":47}}},"fnMap":{},"branchMap":{},"s":{"0":1,"1":1,"2":1},"f":{},"b":{},"_coverageSchema":"1a1c01bbd47fc00a2c39e90264f33305004495a9","hash":"566d9cf0354f894b5ad0860117f0439150773199"}
,"/Users/roibendavid/Dev/private/landOfTheSki/services/accomodations/accomodations.service.js": {"path":"/Users/roibendavid/Dev/private/landOfTheSki/services/accomodations/accomodations.service.js","statementMap":{"0":{"start":{"line":9,"column":19},"end":{"line":15,"column":1}},"1":{"start":{"line":10,"column":20},"end":{"line":13,"column":6}},"2":{"start":{"line":14,"column":4},"end":{"line":14,"column":53}},"3":{"start":{"line":16,"column":24},"end":{"line":35,"column":1}},"4":{"start":{"line":17,"column":25},"end":{"line":17,"column":70}},"5":{"start":{"line":17,"column":50},"end":{"line":17,"column":69}},"6":{"start":{"line":18,"column":31},"end":{"line":18,"column":53}},"7":{"start":{"line":19,"column":21},"end":{"line":23,"column":6}},"8":{"start":{"line":25,"column":29},"end":{"line":33,"column":6}},"9":{"start":{"line":26,"column":30},"end":{"line":28,"column":9}},"10":{"start":{"line":27,"column":29},"end":{"line":27,"column":80}},"11":{"start":{"line":29,"column":8},"end":{"line":31,"column":9}},"12":{"start":{"line":30,"column":12},"end":{"line":30,"column":66}},"13":{"start":{"line":32,"column":8},"end":{"line":32,"column":53}},"14":{"start":{"line":34,"column":4},"end":{"line":34,"column":61}},"15":{"start":{"line":36,"column":18},"end":{"line":40,"column":1}},"16":{"start":{"line":37,"column":19},"end":{"line":37,"column":59}},"17":{"start":{"line":38,"column":18},"end":{"line":38,"column":64}},"18":{"start":{"line":39,"column":4},"end":{"line":39,"column":73}},"19":{"start":{"line":39,"column":42},"end":{"line":39,"column":71}},"20":{"start":{"line":42,"column":13},"end":{"line":49,"column":1}},"21":{"start":{"line":43,"column":4},"end":{"line":48,"column":5}},"22":{"start":{"line":44,"column":8},"end":{"line":44,"column":26}},"23":{"start":{"line":45,"column":8},"end":{"line":45,"column":25}},"24":{"start":{"line":47,"column":8},"end":{"line":47,"column":67}},"25":{"start":{"line":51,"column":24},"end":{"line":51,"column":79}},"26":{"start":{"line":51,"column":40},"end":{"line":51,"column":79}},"27":{"start":{"line":52,"column":23},"end":{"line":52,"column":78}},"28":{"start":{"line":52,"column":39},"end":{"line":52,"column":78}},"29":{"start":{"line":53,"column":24},"end":{"line":53,"column":92}},"30":{"start":{"line":53,"column":43},"end":{"line":53,"column":92}},"31":{"start":{"line":55,"column":37},"end":{"line":58,"column":1}},"32":{"start":{"line":56,"column":4},"end":{"line":56,"column":69}},"33":{"start":{"line":57,"column":4},"end":{"line":57,"column":72}},"34":{"start":{"line":60,"column":38},"end":{"line":73,"column":1}},"35":{"start":{"line":61,"column":4},"end":{"line":67,"column":5}},"36":{"start":{"line":62,"column":8},"end":{"line":66,"column":9}},"37":{"start":{"line":63,"column":12},"end":{"line":63,"column":84}},"38":{"start":{"line":65,"column":12},"end":{"line":65,"column":86}},"39":{"start":{"line":68,"column":4},"end":{"line":70,"column":5}},"40":{"start":{"line":69,"column":8},"end":{"line":69,"column":82}},"41":{"start":{"line":72,"column":4},"end":{"line":72,"column":12}},"42":{"start":{"line":83,"column":28},"end":{"line":100,"column":1}},"43":{"start":{"line":84,"column":24},"end":{"line":84,"column":28}},"44":{"start":{"line":85,"column":26},"end":{"line":85,"column":37}},"45":{"start":{"line":87,"column":4},"end":{"line":95,"column":5}},"46":{"start":{"line":89,"column":39},"end":{"line":89,"column":85}},"47":{"start":{"line":90,"column":12},"end":{"line":90,"column":62}},"48":{"start":{"line":91,"column":12},"end":{"line":91,"column":44}},"49":{"start":{"line":92,"column":12},"end":{"line":92,"column":22}},"50":{"start":{"line":99,"column":4},"end":{"line":99,"column":24}},"51":{"start":{"line":102,"column":27},"end":{"line":114,"column":1}},"52":{"start":{"line":103,"column":27},"end":{"line":103,"column":30}},"53":{"start":{"line":104,"column":4},"end":{"line":106,"column":5}},"54":{"start":{"line":105,"column":8},"end":{"line":105,"column":22}},"55":{"start":{"line":108,"column":29},"end":{"line":111,"column":5}},"56":{"start":{"line":113,"column":4},"end":{"line":113,"column":94}},"57":{"start":{"line":113,"column":60},"end":{"line":113,"column":92}}},"fnMap":{"0":{"name":"(anonymous_0)","decl":{"start":{"line":9,"column":19},"end":{"line":9,"column":20}},"loc":{"start":{"line":9,"column":31},"end":{"line":15,"column":1}},"line":9},"1":{"name":"(anonymous_1)","decl":{"start":{"line":16,"column":24},"end":{"line":16,"column":25}},"loc":{"start":{"line":16,"column":48},"end":{"line":35,"column":1}},"line":16},"2":{"name":"(anonymous_2)","decl":{"start":{"line":17,"column":39},"end":{"line":17,"column":40}},"loc":{"start":{"line":17,"column":50},"end":{"line":17,"column":69}},"line":17},"3":{"name":"(anonymous_3)","decl":{"start":{"line":25,"column":42},"end":{"line":25,"column":43}},"loc":{"start":{"line":25,"column":55},"end":{"line":33,"column":5}},"line":25},"4":{"name":"(anonymous_4)","decl":{"start":{"line":27,"column":12},"end":{"line":27,"column":13}},"loc":{"start":{"line":27,"column":29},"end":{"line":27,"column":80}},"line":27},"5":{"name":"(anonymous_5)","decl":{"start":{"line":36,"column":18},"end":{"line":36,"column":19}},"loc":{"start":{"line":36,"column":30},"end":{"line":40,"column":1}},"line":36},"6":{"name":"(anonymous_6)","decl":{"start":{"line":39,"column":32},"end":{"line":39,"column":33}},"loc":{"start":{"line":39,"column":42},"end":{"line":39,"column":71}},"line":39},"7":{"name":"(anonymous_7)","decl":{"start":{"line":42,"column":13},"end":{"line":42,"column":14}},"loc":{"start":{"line":42,"column":25},"end":{"line":49,"column":1}},"line":42},"8":{"name":"(anonymous_8)","decl":{"start":{"line":51,"column":24},"end":{"line":51,"column":25}},"loc":{"start":{"line":51,"column":40},"end":{"line":51,"column":79}},"line":51},"9":{"name":"(anonymous_9)","decl":{"start":{"line":52,"column":23},"end":{"line":52,"column":24}},"loc":{"start":{"line":52,"column":39},"end":{"line":52,"column":78}},"line":52},"10":{"name":"(anonymous_10)","decl":{"start":{"line":53,"column":24},"end":{"line":53,"column":25}},"loc":{"start":{"line":53,"column":43},"end":{"line":53,"column":92}},"line":53},"11":{"name":"(anonymous_11)","decl":{"start":{"line":55,"column":37},"end":{"line":55,"column":38}},"loc":{"start":{"line":55,"column":64},"end":{"line":58,"column":1}},"line":55},"12":{"name":"(anonymous_12)","decl":{"start":{"line":60,"column":38},"end":{"line":60,"column":39}},"loc":{"start":{"line":60,"column":66},"end":{"line":73,"column":1}},"line":60},"13":{"name":"(anonymous_13)","decl":{"start":{"line":83,"column":28},"end":{"line":83,"column":29}},"loc":{"start":{"line":83,"column":51},"end":{"line":100,"column":1}},"line":83},"14":{"name":"(anonymous_14)","decl":{"start":{"line":88,"column":8},"end":{"line":88,"column":9}},"loc":{"start":{"line":88,"column":27},"end":{"line":93,"column":9}},"line":88},"15":{"name":"(anonymous_15)","decl":{"start":{"line":102,"column":27},"end":{"line":102,"column":28}},"loc":{"start":{"line":102,"column":65},"end":{"line":114,"column":1}},"line":102},"16":{"name":"(anonymous_16)","decl":{"start":{"line":113,"column":50},"end":{"line":113,"column":51}},"loc":{"start":{"line":113,"column":60},"end":{"line":113,"column":92}},"line":113}},"branchMap":{"0":{"loc":{"start":{"line":29,"column":8},"end":{"line":31,"column":9}},"type":"if","locations":[{"start":{"line":29,"column":8},"end":{"line":31,"column":9}},{"start":{},"end":{}}],"line":29},"1":{"loc":{"start":{"line":61,"column":4},"end":{"line":67,"column":5}},"type":"if","locations":[{"start":{"line":61,"column":4},"end":{"line":67,"column":5}},{"start":{},"end":{}}],"line":61},"2":{"loc":{"start":{"line":62,"column":8},"end":{"line":66,"column":9}},"type":"if","locations":[{"start":{"line":62,"column":8},"end":{"line":66,"column":9}},{"start":{"line":64,"column":15},"end":{"line":66,"column":9}}],"line":62},"3":{"loc":{"start":{"line":68,"column":4},"end":{"line":70,"column":5}},"type":"if","locations":[{"start":{"line":68,"column":4},"end":{"line":70,"column":5}},{"start":{},"end":{}}],"line":68},"4":{"loc":{"start":{"line":102,"column":40},"end":{"line":102,"column":50}},"type":"default-arg","locations":[{"start":{"line":102,"column":48},"end":{"line":102,"column":50}}],"line":102},"5":{"loc":{"start":{"line":102,"column":52},"end":{"line":102,"column":60}},"type":"default-arg","locations":[{"start":{"line":102,"column":58},"end":{"line":102,"column":60}}],"line":102},"6":{"loc":{"start":{"line":104,"column":4},"end":{"line":106,"column":5}},"type":"if","locations":[{"start":{"line":104,"column":4},"end":{"line":106,"column":5}},{"start":{},"end":{}}],"line":104},"7":{"loc":{"start":{"line":104,"column":8},"end":{"line":104,"column":24}},"type":"binary-expr","locations":[{"start":{"line":104,"column":8},"end":{"line":104,"column":14}},{"start":{"line":104,"column":18},"end":{"line":104,"column":24}}],"line":104}},"s":{"0":1,"1":0,"2":0,"3":1,"4":0,"5":0,"6":0,"7":0,"8":0,"9":0,"10":0,"11":0,"12":0,"13":0,"14":0,"15":1,"16":0,"17":0,"18":0,"19":0,"20":1,"21":0,"22":0,"23":0,"24":0,"25":1,"26":0,"27":1,"28":0,"29":1,"30":0,"31":1,"32":6,"33":6,"34":1,"35":3,"36":1,"37":1,"38":0,"39":2,"40":0,"41":2,"42":1,"43":1,"44":1,"45":1,"46":3,"47":3,"48":3,"49":3,"50":1,"51":1,"52":1,"53":1,"54":0,"55":1,"56":1,"57":1},"f":{"0":0,"1":0,"2":0,"3":0,"4":0,"5":0,"6":0,"7":0,"8":0,"9":0,"10":0,"11":6,"12":3,"13":1,"14":3,"15":1,"16":1},"b":{"0":[0,0],"1":[1,2],"2":[1,0],"3":[0,2],"4":[0],"5":[0],"6":[0,1],"7":[1,0]},"_coverageSchema":"1a1c01bbd47fc00a2c39e90264f33305004495a9","hash":"168b1d8530d4a38b06d5831accdcb78ee924d60a"}
,"/Users/roibendavid/Dev/private/landOfTheSki/services/accomodations/__test__/accomodations.test.mocks.js": {"path":"/Users/roibendavid/Dev/private/landOfTheSki/services/accomodations/__test__/accomodations.test.mocks.js","statementMap":{"0":{"start":{"line":1,"column":18},"end":{"line":1,"column":53}},"1":{"start":{"line":2,"column":16},"end":{"line":2,"column":51}},"2":{"start":{"line":3,"column":15},"end":{"line":3,"column":16}},"3":{"start":{"line":4,"column":17},"end":{"line":4,"column":18}},"4":{"start":{"line":5,"column":17},"end":{"line":5,"column":18}},"5":{"start":{"line":6,"column":20},"end":{"line":6,"column":29}},"6":{"start":{"line":8,"column":27},"end":{"line":12,"column":1}}},"fnMap":{},"branchMap":{},"s":{"0":1,"1":1,"2":1,"3":1,"4":1,"5":1,"6":1},"f":{},"b":{},"_coverageSchema":"1a1c01bbd47fc00a2c39e90264f33305004495a9","hash":"abdeffdbf2e3586108a94a1cfd0c9543c799772f"}
,"/Users/roibendavid/Dev/private/landOfTheSki/services/accomodations/initialData/hotels/gudauri.js": {"path":"/Users/roibendavid/Dev/private/landOfTheSki/services/accomodations/initialData/hotels/gudauri.js","statementMap":{},"fnMap":{},"branchMap":{},"s":{},"f":{},"b":{},"_coverageSchema":"1a1c01bbd47fc00a2c39e90264f33305004495a9","hash":"7bd99528ae5b31594e9138a6de1c88cdd1b02dfd"}
,"/Users/roibendavid/Dev/private/landOfTheSki/services/accomodations/initialData/hotels/index.js": {"path":"/Users/roibendavid/Dev/private/landOfTheSki/services/accomodations/initialData/hotels/index.js","statementMap":{},"fnMap":{},"branchMap":{},"s":{},"f":{},"b":{},"_coverageSchema":"1a1c01bbd47fc00a2c39e90264f33305004495a9","hash":"b7f7a1b8e758b81e74eca245892d132e1b8f94e6"}
,"/Users/roibendavid/Dev/private/landOfTheSki/services/accomodations/initialData/rooms/index.js": {"path":"/Users/roibendavid/Dev/private/landOfTheSki/services/accomodations/initialData/rooms/index.js","statementMap":{},"fnMap":{},"branchMap":{},"s":{},"f":{},"b":{},"_coverageSchema":"1a1c01bbd47fc00a2c39e90264f33305004495a9","hash":"2a6d77a7dd1629bbec8e43f098ef50a8f7cd4bd2"}
,"/Users/roibendavid/Dev/private/landOfTheSki/services/accomodations/initialData/rooms/gudauri/lofthotel.js": {"path":"/Users/roibendavid/Dev/private/landOfTheSki/services/accomodations/initialData/rooms/gudauri/lofthotel.js","statementMap":{},"fnMap":{},"branchMap":{},"s":{},"f":{},"b":{},"_coverageSchema":"1a1c01bbd47fc00a2c39e90264f33305004495a9","hash":"5ebfdde724ad2be6f018476a961720a6532352e0"}
,"/Users/roibendavid/Dev/private/landOfTheSki/services/skiGear/skiGear.controller.js": {"path":"/Users/roibendavid/Dev/private/landOfTheSki/services/skiGear/skiGear.controller.js","statementMap":{"0":{"start":{"line":3,"column":18},"end":{"line":6,"column":1}},"1":{"start":{"line":4,"column":19},"end":{"line":4,"column":29}},"2":{"start":{"line":5,"column":4},"end":{"line":5,"column":83}},"3":{"start":{"line":5,"column":28},"end":{"line":5,"column":58}},"4":{"start":{"line":8,"column":22},"end":{"line":12,"column":1}},"5":{"start":{"line":9,"column":19},"end":{"line":9,"column":29}},"6":{"start":{"line":10,"column":27},"end":{"line":10,"column":36}},"7":{"start":{"line":11,"column":4},"end":{"line":11,"column":96}},"8":{"start":{"line":11,"column":28},"end":{"line":11,"column":76}}},"fnMap":{"0":{"name":"(anonymous_0)","decl":{"start":{"line":3,"column":18},"end":{"line":3,"column":19}},"loc":{"start":{"line":3,"column":38},"end":{"line":6,"column":1}},"line":3},"1":{"name":"(anonymous_1)","decl":{"start":{"line":5,"column":22},"end":{"line":5,"column":23}},"loc":{"start":{"line":5,"column":28},"end":{"line":5,"column":58}},"line":5},"2":{"name":"(anonymous_2)","decl":{"start":{"line":8,"column":22},"end":{"line":8,"column":23}},"loc":{"start":{"line":8,"column":42},"end":{"line":12,"column":1}},"line":8},"3":{"name":"(anonymous_3)","decl":{"start":{"line":11,"column":22},"end":{"line":11,"column":23}},"loc":{"start":{"line":11,"column":28},"end":{"line":11,"column":76}},"line":11}},"branchMap":{},"s":{"0":1,"1":0,"2":0,"3":0,"4":1,"5":0,"6":0,"7":0,"8":0},"f":{"0":0,"1":0,"2":0,"3":0},"b":{},"_coverageSchema":"1a1c01bbd47fc00a2c39e90264f33305004495a9","hash":"ef7a74f2dbe697b69d5053f96044b0fbd14f99ba"}
,"/Users/roibendavid/Dev/private/landOfTheSki/services/skiGear/skiGear.model.js": {"path":"/Users/roibendavid/Dev/private/landOfTheSki/services/skiGear/skiGear.model.js","statementMap":{"0":{"start":{"line":5,"column":23},"end":{"line":5,"column":43}},"1":{"start":{"line":7,"column":22},"end":{"line":22,"column":2}},"2":{"start":{"line":13,"column":48},"end":{"line":19,"column":13}}},"fnMap":{"0":{"name":"(anonymous_0)","decl":{"start":{"line":13,"column":38},"end":{"line":13,"column":39}},"loc":{"start":{"line":13,"column":48},"end":{"line":19,"column":13}},"line":13}},"branchMap":{},"s":{"0":1,"1":1,"2":7},"f":{"0":7},"b":{},"_coverageSchema":"1a1c01bbd47fc00a2c39e90264f33305004495a9","hash":"bb619d182ad51195f287d2b4f22785478a500fce"}
,"/Users/roibendavid/Dev/private/landOfTheSki/services/skiGear/skiGear.router.js": {"path":"/Users/roibendavid/Dev/private/landOfTheSki/services/skiGear/skiGear.router.js","statementMap":{"0":{"start":{"line":4,"column":15},"end":{"line":4,"column":31}},"1":{"start":{"line":8,"column":0},"end":{"line":8,"column":42}},"2":{"start":{"line":9,"column":0},"end":{"line":9,"column":73}}},"fnMap":{},"branchMap":{},"s":{"0":1,"1":1,"2":1},"f":{},"b":{},"_coverageSchema":"1a1c01bbd47fc00a2c39e90264f33305004495a9","hash":"e5de858879def9032bebdcaa957087a644f37ac0"}
,"/Users/roibendavid/Dev/private/landOfTheSki/services/skiGear/skiGear.service.js": {"path":"/Users/roibendavid/Dev/private/landOfTheSki/services/skiGear/skiGear.service.js","statementMap":{"0":{"start":{"line":6,"column":13},"end":{"line":17,"column":1}},"1":{"start":{"line":7,"column":4},"end":{"line":16,"column":5}},"2":{"start":{"line":8,"column":29},"end":{"line":12,"column":10}},"3":{"start":{"line":13,"column":8},"end":{"line":13,"column":51}},"4":{"start":{"line":15,"column":8},"end":{"line":15,"column":63}},"5":{"start":{"line":19,"column":18},"end":{"line":19,"column":63}},"6":{"start":{"line":19,"column":34},"end":{"line":19,"column":63}},"7":{"start":{"line":21,"column":22},"end":{"line":37,"column":1}},"8":{"start":{"line":22,"column":21},"end":{"line":22,"column":56}},"9":{"start":{"line":24,"column":4},"end":{"line":36,"column":6}},"10":{"start":{"line":25,"column":23},"end":{"line":25,"column":46}},"11":{"start":{"line":26,"column":22},"end":{"line":26,"column":54}},"12":{"start":{"line":28,"column":35},"end":{"line":28,"column":42}},"13":{"start":{"line":30,"column":8},"end":{"line":35,"column":9}}},"fnMap":{"0":{"name":"(anonymous_0)","decl":{"start":{"line":6,"column":13},"end":{"line":6,"column":14}},"loc":{"start":{"line":6,"column":25},"end":{"line":17,"column":1}},"line":6},"1":{"name":"(anonymous_1)","decl":{"start":{"line":19,"column":18},"end":{"line":19,"column":19}},"loc":{"start":{"line":19,"column":34},"end":{"line":19,"column":63}},"line":19},"2":{"name":"(anonymous_2)","decl":{"start":{"line":21,"column":22},"end":{"line":21,"column":23}},"loc":{"start":{"line":21,"column":52},"end":{"line":37,"column":1}},"line":21},"3":{"name":"(anonymous_3)","decl":{"start":{"line":24,"column":24},"end":{"line":24,"column":25}},"loc":{"start":{"line":24,"column":37},"end":{"line":36,"column":5}},"line":24}},"branchMap":{},"s":{"0":1,"1":0,"2":0,"3":0,"4":0,"5":1,"6":0,"7":1,"8":0,"9":0,"10":0,"11":0,"12":0,"13":0},"f":{"0":0,"1":0,"2":0,"3":0},"b":{},"_coverageSchema":"1a1c01bbd47fc00a2c39e90264f33305004495a9","hash":"1858dba202dd1eb52073438a330f5ed205c0c104"}
,"/Users/roibendavid/Dev/private/landOfTheSki/services/skiGear/initialData/gudauri.js": {"path":"/Users/roibendavid/Dev/private/landOfTheSki/services/skiGear/initialData/gudauri.js","statementMap":{},"fnMap":{},"branchMap":{},"s":{},"f":{},"b":{},"_coverageSchema":"1a1c01bbd47fc00a2c39e90264f33305004495a9","hash":"01871520ab79619d2ec0547be617543791c54857"}
,"/Users/roibendavid/Dev/private/landOfTheSki/services/skiGear/initialData/index.js": {"path":"/Users/roibendavid/Dev/private/landOfTheSki/services/skiGear/initialData/index.js","statementMap":{},"fnMap":{},"branchMap":{},"s":{},"f":{},"b":{},"_coverageSchema":"1a1c01bbd47fc00a2c39e90264f33305004495a9","hash":"2f77240c29817448688246cdab15d7b09d5528f6"}
,"/Users/roibendavid/Dev/private/landOfTheSki/services/skiOffers/skiOffers.controller.js": {"path":"/Users/roibendavid/Dev/private/landOfTheSki/services/skiOffers/skiOffers.controller.js","statementMap":{"0":{"start":{"line":3,"column":17},"end":{"line":5,"column":1}},"1":{"start":{"line":4,"column":4},"end":{"line":4,"column":88}},"2":{"start":{"line":4,"column":28},"end":{"line":4,"column":74}}},"fnMap":{"0":{"name":"(anonymous_0)","decl":{"start":{"line":3,"column":17},"end":{"line":3,"column":18}},"loc":{"start":{"line":3,"column":37},"end":{"line":5,"column":1}},"line":3},"1":{"name":"(anonymous_1)","decl":{"start":{"line":4,"column":22},"end":{"line":4,"column":23}},"loc":{"start":{"line":4,"column":28},"end":{"line":4,"column":74}},"line":4}},"branchMap":{},"s":{"0":1,"1":0,"2":0},"f":{"0":0,"1":0},"b":{},"_coverageSchema":"1a1c01bbd47fc00a2c39e90264f33305004495a9","hash":"de1bd104a37d27137b1e50b5150264777763b423"}
,"/Users/roibendavid/Dev/private/landOfTheSki/services/skiOffers/skiOffers.router.js": {"path":"/Users/roibendavid/Dev/private/landOfTheSki/services/skiOffers/skiOffers.router.js","statementMap":{"0":{"start":{"line":3,"column":15},"end":{"line":3,"column":31}},"1":{"start":{"line":7,"column":0},"end":{"line":7,"column":45}}},"fnMap":{},"branchMap":{},"s":{"0":1,"1":1},"f":{},"b":{},"_coverageSchema":"1a1c01bbd47fc00a2c39e90264f33305004495a9","hash":"fe10b366eb8de814a9301664477e127fc6db5eb3"}
,"/Users/roibendavid/Dev/private/landOfTheSki/services/skiOffers/skiOffers.service.js": {"path":"/Users/roibendavid/Dev/private/landOfTheSki/services/skiOffers/skiOffers.service.js","statementMap":{"0":{"start":{"line":6,"column":13},"end":{"line":18,"column":1}},"1":{"start":{"line":7,"column":17},"end":{"line":7,"column":26}},"2":{"start":{"line":8,"column":18},"end":{"line":8,"column":58}},"3":{"start":{"line":9,"column":20},"end":{"line":9,"column":21}},"4":{"start":{"line":10,"column":16},"end":{"line":10,"column":36}},"5":{"start":{"line":12,"column":21},"end":{"line":12,"column":71}},"6":{"start":{"line":13,"column":18},"end":{"line":13,"column":79}},"7":{"start":{"line":14,"column":20},"end":{"line":14,"column":88}},"8":{"start":{"line":15,"column":22},"end":{"line":15,"column":81}},"9":{"start":{"line":17,"column":4},"end":{"line":17,"column":52}},"10":{"start":{"line":20,"column":17},"end":{"line":34,"column":1}},"11":{"start":{"line":21,"column":34},"end":{"line":21,"column":39}},"12":{"start":{"line":22,"column":57},"end":{"line":22,"column":67}},"13":{"start":{"line":24,"column":24},"end":{"line":24,"column":41}},"14":{"start":{"line":25,"column":26},"end":{"line":25,"column":43}},"15":{"start":{"line":26,"column":22},"end":{"line":26,"column":37}},"16":{"start":{"line":28,"column":21},"end":{"line":28,"column":72}},"17":{"start":{"line":29,"column":18},"end":{"line":29,"column":93}},"18":{"start":{"line":30,"column":20},"end":{"line":30,"column":94}},"19":{"start":{"line":31,"column":22},"end":{"line":31,"column":85}},"20":{"start":{"line":33,"column":4},"end":{"line":33,"column":48}}},"fnMap":{"0":{"name":"(anonymous_0)","decl":{"start":{"line":6,"column":13},"end":{"line":6,"column":14}},"loc":{"start":{"line":6,"column":25},"end":{"line":18,"column":1}},"line":6},"1":{"name":"(anonymous_1)","decl":{"start":{"line":20,"column":17},"end":{"line":20,"column":18}},"loc":{"start":{"line":20,"column":46},"end":{"line":34,"column":1}},"line":20}},"branchMap":{},"s":{"0":1,"1":0,"2":0,"3":0,"4":0,"5":0,"6":0,"7":0,"8":0,"9":0,"10":1,"11":0,"12":0,"13":0,"14":0,"15":0,"16":0,"17":0,"18":0,"19":0,"20":0},"f":{"0":0,"1":0},"b":{},"_coverageSchema":"1a1c01bbd47fc00a2c39e90264f33305004495a9","hash":"6f8baeffdd341123334795a809dffc0887a04928"}
,"/Users/roibendavid/Dev/private/landOfTheSki/services/skiPasses/skiPasses.controller.js": {"path":"/Users/roibendavid/Dev/private/landOfTheSki/services/skiPasses/skiPasses.controller.js","statementMap":{"0":{"start":{"line":3,"column":18},"end":{"line":6,"column":1}},"1":{"start":{"line":4,"column":19},"end":{"line":4,"column":29}},"2":{"start":{"line":5,"column":4},"end":{"line":5,"column":87}},"3":{"start":{"line":5,"column":28},"end":{"line":5,"column":60}},"4":{"start":{"line":8,"column":22},"end":{"line":15,"column":1}},"5":{"start":{"line":9,"column":19},"end":{"line":9,"column":29}},"6":{"start":{"line":10,"column":27},"end":{"line":10,"column":36}},"7":{"start":{"line":11,"column":4},"end":{"line":14,"column":5}},"8":{"start":{"line":12,"column":14},"end":{"line":12,"column":64}}},"fnMap":{"0":{"name":"(anonymous_0)","decl":{"start":{"line":3,"column":18},"end":{"line":3,"column":19}},"loc":{"start":{"line":3,"column":38},"end":{"line":6,"column":1}},"line":3},"1":{"name":"(anonymous_1)","decl":{"start":{"line":5,"column":22},"end":{"line":5,"column":23}},"loc":{"start":{"line":5,"column":28},"end":{"line":5,"column":60}},"line":5},"2":{"name":"(anonymous_2)","decl":{"start":{"line":8,"column":22},"end":{"line":8,"column":23}},"loc":{"start":{"line":8,"column":42},"end":{"line":15,"column":1}},"line":8},"3":{"name":"(anonymous_3)","decl":{"start":{"line":12,"column":8},"end":{"line":12,"column":9}},"loc":{"start":{"line":12,"column":14},"end":{"line":12,"column":64}},"line":12}},"branchMap":{},"s":{"0":1,"1":0,"2":0,"3":0,"4":1,"5":0,"6":0,"7":0,"8":0},"f":{"0":0,"1":0,"2":0,"3":0},"b":{},"_coverageSchema":"1a1c01bbd47fc00a2c39e90264f33305004495a9","hash":"cb9a307a993fbfec5b1ca049ac8ac0aa0a57f4c1"}
,"/Users/roibendavid/Dev/private/landOfTheSki/services/skiPasses/skiPasses.model.js": {"path":"/Users/roibendavid/Dev/private/landOfTheSki/services/skiPasses/skiPasses.model.js","statementMap":{"0":{"start":{"line":5,"column":22},"end":{"line":13,"column":2}}},"fnMap":{},"branchMap":{},"s":{"0":1},"f":{},"b":{},"_coverageSchema":"1a1c01bbd47fc00a2c39e90264f33305004495a9","hash":"9ac5e2fad2f8b635cbf3455c138f3828cc2b322f"}
,"/Users/roibendavid/Dev/private/landOfTheSki/services/skiPasses/skiPasses.router.js": {"path":"/Users/roibendavid/Dev/private/landOfTheSki/services/skiPasses/skiPasses.router.js","statementMap":{"0":{"start":{"line":4,"column":15},"end":{"line":4,"column":31}},"1":{"start":{"line":8,"column":0},"end":{"line":8,"column":42}},"2":{"start":{"line":9,"column":0},"end":{"line":9,"column":73}}},"fnMap":{},"branchMap":{},"s":{"0":1,"1":1,"2":1},"f":{},"b":{},"_coverageSchema":"1a1c01bbd47fc00a2c39e90264f33305004495a9","hash":"b4e3329f88da9479ea97125fe1bfef9726e40a1c"}
,"/Users/roibendavid/Dev/private/landOfTheSki/services/skiPasses/skiPasses.service.js": {"path":"/Users/roibendavid/Dev/private/landOfTheSki/services/skiPasses/skiPasses.service.js","statementMap":{"0":{"start":{"line":6,"column":13},"end":{"line":16,"column":1}},"1":{"start":{"line":7,"column":4},"end":{"line":15,"column":5}},"2":{"start":{"line":8,"column":29},"end":{"line":11,"column":10}},"3":{"start":{"line":12,"column":8},"end":{"line":12,"column":53}},"4":{"start":{"line":14,"column":8},"end":{"line":14,"column":65}},"5":{"start":{"line":18,"column":25},"end":{"line":21,"column":1}},"6":{"start":{"line":19,"column":20},"end":{"line":19,"column":63}},"7":{"start":{"line":20,"column":4},"end":{"line":20,"column":51}},"8":{"start":{"line":23,"column":22},"end":{"line":31,"column":1}},"9":{"start":{"line":24,"column":22},"end":{"line":24,"column":78}},"10":{"start":{"line":26,"column":4},"end":{"line":30,"column":6}},"11":{"start":{"line":27,"column":36},"end":{"line":27,"column":43}},"12":{"start":{"line":28,"column":22},"end":{"line":28,"column":54}},"13":{"start":{"line":29,"column":8},"end":{"line":29,"column":33}},"14":{"start":{"line":33,"column":18},"end":{"line":33,"column":65}},"15":{"start":{"line":33,"column":34},"end":{"line":33,"column":65}}},"fnMap":{"0":{"name":"(anonymous_0)","decl":{"start":{"line":6,"column":13},"end":{"line":6,"column":14}},"loc":{"start":{"line":6,"column":25},"end":{"line":16,"column":1}},"line":6},"1":{"name":"(anonymous_1)","decl":{"start":{"line":18,"column":25},"end":{"line":18,"column":26}},"loc":{"start":{"line":18,"column":53},"end":{"line":21,"column":1}},"line":18},"2":{"name":"(anonymous_2)","decl":{"start":{"line":23,"column":22},"end":{"line":23,"column":23}},"loc":{"start":{"line":23,"column":52},"end":{"line":31,"column":1}},"line":23},"3":{"name":"(anonymous_3)","decl":{"start":{"line":26,"column":25},"end":{"line":26,"column":26}},"loc":{"start":{"line":26,"column":38},"end":{"line":30,"column":5}},"line":26},"4":{"name":"(anonymous_4)","decl":{"start":{"line":33,"column":18},"end":{"line":33,"column":19}},"loc":{"start":{"line":33,"column":34},"end":{"line":33,"column":65}},"line":33}},"branchMap":{},"s":{"0":1,"1":0,"2":0,"3":0,"4":0,"5":1,"6":0,"7":0,"8":1,"9":0,"10":0,"11":0,"12":0,"13":0,"14":1,"15":0},"f":{"0":0,"1":0,"2":0,"3":0,"4":0},"b":{},"_coverageSchema":"1a1c01bbd47fc00a2c39e90264f33305004495a9","hash":"4ed0a47054ee1b8f292134b86671cdb129d92003"}
,"/Users/roibendavid/Dev/private/landOfTheSki/services/skiPasses/initialData/gudauri.js": {"path":"/Users/roibendavid/Dev/private/landOfTheSki/services/skiPasses/initialData/gudauri.js","statementMap":{},"fnMap":{},"branchMap":{},"s":{},"f":{},"b":{},"_coverageSchema":"1a1c01bbd47fc00a2c39e90264f33305004495a9","hash":"5ab864201ac3626f161a2024bb95cfeef3b093d8"}
,"/Users/roibendavid/Dev/private/landOfTheSki/services/skiPasses/initialData/index.js": {"path":"/Users/roibendavid/Dev/private/landOfTheSki/services/skiPasses/initialData/index.js","statementMap":{},"fnMap":{},"branchMap":{},"s":{},"f":{},"b":{},"_coverageSchema":"1a1c01bbd47fc00a2c39e90264f33305004495a9","hash":"7fbb0df4d2009bf4ca1dfe71699bd89e11271e76"}
,"/Users/roibendavid/Dev/private/landOfTheSki/services/transfers/transfers.controller.js": {"path":"/Users/roibendavid/Dev/private/landOfTheSki/services/transfers/transfers.controller.js","statementMap":{"0":{"start":{"line":3,"column":18},"end":{"line":6,"column":1}},"1":{"start":{"line":4,"column":19},"end":{"line":4,"column":29}},"2":{"start":{"line":5,"column":4},"end":{"line":5,"column":79}},"3":{"start":{"line":5,"column":28},"end":{"line":5,"column":53}},"4":{"start":{"line":7,"column":22},"end":{"line":14,"column":1}},"5":{"start":{"line":8,"column":19},"end":{"line":8,"column":29}},"6":{"start":{"line":9,"column":25},"end":{"line":9,"column":34}},"7":{"start":{"line":10,"column":4},"end":{"line":13,"column":5}},"8":{"start":{"line":11,"column":14},"end":{"line":11,"column":55}}},"fnMap":{"0":{"name":"(anonymous_0)","decl":{"start":{"line":3,"column":18},"end":{"line":3,"column":19}},"loc":{"start":{"line":3,"column":38},"end":{"line":6,"column":1}},"line":3},"1":{"name":"(anonymous_1)","decl":{"start":{"line":5,"column":22},"end":{"line":5,"column":23}},"loc":{"start":{"line":5,"column":28},"end":{"line":5,"column":53}},"line":5},"2":{"name":"(anonymous_2)","decl":{"start":{"line":7,"column":22},"end":{"line":7,"column":23}},"loc":{"start":{"line":7,"column":42},"end":{"line":14,"column":1}},"line":7},"3":{"name":"(anonymous_3)","decl":{"start":{"line":11,"column":8},"end":{"line":11,"column":9}},"loc":{"start":{"line":11,"column":14},"end":{"line":11,"column":55}},"line":11}},"branchMap":{},"s":{"0":1,"1":0,"2":0,"3":0,"4":1,"5":0,"6":0,"7":0,"8":0},"f":{"0":0,"1":0,"2":0,"3":0},"b":{},"_coverageSchema":"1a1c01bbd47fc00a2c39e90264f33305004495a9","hash":"1bc0199f275fad50496ff66beb97b1e70d4272b9"}
,"/Users/roibendavid/Dev/private/landOfTheSki/services/transfers/transfers.model.js": {"path":"/Users/roibendavid/Dev/private/landOfTheSki/services/transfers/transfers.model.js","statementMap":{"0":{"start":{"line":6,"column":24},"end":{"line":11,"column":2}},"1":{"start":{"line":13,"column":0},"end":{"line":16,"column":1}},"2":{"start":{"line":14,"column":17},"end":{"line":14,"column":28}},"3":{"start":{"line":15,"column":4},"end":{"line":15,"column":77}}},"fnMap":{"0":{"name":"(anonymous_0)","decl":{"start":{"line":13,"column":63},"end":{"line":13,"column":64}},"loc":{"start":{"line":13,"column":90},"end":{"line":16,"column":1}},"line":13}},"branchMap":{},"s":{"0":1,"1":1,"2":0,"3":0},"f":{"0":0},"b":{},"_coverageSchema":"1a1c01bbd47fc00a2c39e90264f33305004495a9","hash":"13f13f8cc037aa326696964900104d2da9fe8161"}
,"/Users/roibendavid/Dev/private/landOfTheSki/services/transfers/transfers.router.js": {"path":"/Users/roibendavid/Dev/private/landOfTheSki/services/transfers/transfers.router.js","statementMap":{"0":{"start":{"line":4,"column":15},"end":{"line":4,"column":31}},"1":{"start":{"line":8,"column":0},"end":{"line":8,"column":42}},"2":{"start":{"line":9,"column":0},"end":{"line":9,"column":73}}},"fnMap":{},"branchMap":{},"s":{"0":1,"1":1,"2":1},"f":{},"b":{},"_coverageSchema":"1a1c01bbd47fc00a2c39e90264f33305004495a9","hash":"bbeec2408c08ce59baeed15ccddd28ffaff875a4"}
,"/Users/roibendavid/Dev/private/landOfTheSki/services/transfers/transfers.service.js": {"path":"/Users/roibendavid/Dev/private/landOfTheSki/services/transfers/transfers.service.js","statementMap":{"0":{"start":{"line":5,"column":13},"end":{"line":16,"column":1}},"1":{"start":{"line":6,"column":4},"end":{"line":15,"column":5}},"2":{"start":{"line":7,"column":29},"end":{"line":11,"column":10}},"3":{"start":{"line":12,"column":8},"end":{"line":12,"column":53}},"4":{"start":{"line":14,"column":8},"end":{"line":14,"column":64}},"5":{"start":{"line":18,"column":25},"end":{"line":25,"column":1}},"6":{"start":{"line":19,"column":27},"end":{"line":19,"column":69}},"7":{"start":{"line":21,"column":46},"end":{"line":21,"column":60}},"8":{"start":{"line":22,"column":31},"end":{"line":22,"column":36}},"9":{"start":{"line":24,"column":4},"end":{"line":24,"column":64}},"10":{"start":{"line":27,"column":22},"end":{"line":39,"column":1}},"11":{"start":{"line":28,"column":27},"end":{"line":28,"column":30}},"12":{"start":{"line":30,"column":28},"end":{"line":33,"column":5}},"13":{"start":{"line":35,"column":4},"end":{"line":38,"column":6}},"14":{"start":{"line":36,"column":50},"end":{"line":36,"column":64}},"15":{"start":{"line":37,"column":8},"end":{"line":37,"column":48}},"16":{"start":{"line":41,"column":18},"end":{"line":41,"column":65}},"17":{"start":{"line":41,"column":34},"end":{"line":41,"column":65}}},"fnMap":{"0":{"name":"(anonymous_0)","decl":{"start":{"line":5,"column":13},"end":{"line":5,"column":14}},"loc":{"start":{"line":5,"column":25},"end":{"line":16,"column":1}},"line":5},"1":{"name":"(anonymous_1)","decl":{"start":{"line":18,"column":25},"end":{"line":18,"column":26}},"loc":{"start":{"line":18,"column":47},"end":{"line":25,"column":1}},"line":18},"2":{"name":"(anonymous_2)","decl":{"start":{"line":27,"column":22},"end":{"line":27,"column":23}},"loc":{"start":{"line":27,"column":50},"end":{"line":39,"column":1}},"line":27},"3":{"name":"(anonymous_3)","decl":{"start":{"line":35,"column":31},"end":{"line":35,"column":32}},"loc":{"start":{"line":35,"column":51},"end":{"line":38,"column":5}},"line":35},"4":{"name":"(anonymous_4)","decl":{"start":{"line":41,"column":18},"end":{"line":41,"column":19}},"loc":{"start":{"line":41,"column":34},"end":{"line":41,"column":65}},"line":41}},"branchMap":{},"s":{"0":1,"1":1,"2":1,"3":0,"4":0,"5":1,"6":0,"7":0,"8":0,"9":0,"10":1,"11":0,"12":0,"13":0,"14":0,"15":0,"16":1,"17":0},"f":{"0":1,"1":0,"2":0,"3":0,"4":0},"b":{},"_coverageSchema":"1a1c01bbd47fc00a2c39e90264f33305004495a9","hash":"b75957f265d9ccacdd72cdceea187564e0856d3b"}
,"/Users/roibendavid/Dev/private/landOfTheSki/services/transfers/initialData/gudauri.js": {"path":"/Users/roibendavid/Dev/private/landOfTheSki/services/transfers/initialData/gudauri.js","statementMap":{},"fnMap":{},"branchMap":{},"s":{},"f":{},"b":{},"_coverageSchema":"1a1c01bbd47fc00a2c39e90264f33305004495a9","hash":"a515c9d097bc256e9495483396a23f880cbe3f38"}
,"/Users/roibendavid/Dev/private/landOfTheSki/services/transfers/initialData/index.js": {"path":"/Users/roibendavid/Dev/private/landOfTheSki/services/transfers/initialData/index.js","statementMap":{},"fnMap":{},"branchMap":{},"s":{},"f":{},"b":{},"_coverageSchema":"1a1c01bbd47fc00a2c39e90264f33305004495a9","hash":"5f239d19a11461a15bb746a18eeee56a4423679e"}
}
